# JRE version: Java(TM) SE Runtime Environment (8.0_25-b18) (build 1.8.0_25-b18)
# Java VM: Java HotSpot(TM) 64-Bit Server VM (25.25-b02 mixed mode windows-amd64 compressed oops)
Heap:
 PSYoungGen      total 45568K, used 23650K [0x00000007bc400000, 0x00000007c0000000, 0x00000007c0000000)
  eden space 32768K, 35% used [0x00000007bc400000,0x00000007bcf68b28,0x00000007be400000)
  from space 12800K, 93% used [0x00000007bf380000,0x00000007bff2fe28,0x00000007c0000000)
  to   space 14336K, 0% used [0x00000007be400000,0x00000007be400000,0x00000007bf200000)
 ParOldGen       total 168960K, used 98680K [0x0000000700000000, 0x000000070a500000, 0x00000007bc400000)
  object space 168960K, 58% used [0x0000000700000000,0x000000070605e1b0,0x000000070a500000)
 Metaspace       used 60729K, capacity 61087K, committed 61616K, reserved 1101824K
  class space    used 8985K, capacity 9064K, committed 9136K, reserved 1048576K
GC Heap History (10 events):
Event: 4019.453 GC heap before
{Heap before GC invocations=104 (full 8):
 PSYoungGen      total 48640K, used 38016K [0x00000007bc400000, 0x00000007c0000000, 0x00000007c0000000)
  eden space 36352K, 100% used [0x00000007bc400000,0x00000007be780000,0x00000007be780000)
  from space 12288K, 13% used [0x00000007be780000,0x00000007be920000,0x00000007bf380000)
  to   space 12288K, 0% used [0x00000007bf400000,0x00000007bf400000,0x00000007c0000000)
 ParOldGen       total 168960K, used 95609K [0x0000000700000000, 0x000000070a500000, 0x00000007bc400000)
  object space 168960K, 56% used [0x0000000700000000,0x0000000705d5e620,0x000000070a500000)
 Metaspace       used 59882K, capacity 60281K, committed 60976K, reserved 1101824K
  class space    used 8910K, capacity 8967K, committed 9008K, reserved 1048576K
Event: 4019.458 GC heap after
Heap after GC invocations=104 (full 8):
 PSYoungGen      total 49664K, used 4242K [0x00000007bc400000, 0x00000007c0000000, 0x00000007c0000000)
  eden space 37376K, 0% used [0x00000007bc400000,0x00000007bc400000,0x00000007be880000)
  from space 12288K, 34% used [0x00000007bf400000,0x00000007bf824aa0,0x00000007c0000000)
  to   space 11776K, 0% used [0x00000007be880000,0x00000007be880000,0x00000007bf400000)
 ParOldGen       total 168960K, used 95609K [0x0000000700000000, 0x000000070a500000, 0x00000007bc400000)
  object space 168960K, 56% used [0x0000000700000000,0x0000000705d5e620,0x000000070a500000)
 Metaspace       used 59882K, capacity 60281K, committed 60976K, reserved 1101824K
  class space    used 8910K, capacity 8967K, committed 9008K, reserved 1048576K
}
Event: 4026.935 GC heap before
{Heap before GC invocations=105 (full 8):
 PSYoungGen      total 49664K, used 41618K [0x00000007bc400000, 0x00000007c0000000, 0x00000007c0000000)
  eden space 37376K, 100% used [0x00000007bc400000,0x00000007be880000,0x00000007be880000)
  from space 12288K, 34% used [0x00000007bf400000,0x00000007bf824aa0,0x00000007c0000000)
  to   space 11776K, 0% used [0x00000007be880000,0x00000007be880000,0x00000007bf400000)
 ParOldGen       total 168960K, used 95609K [0x0000000700000000, 0x000000070a500000, 0x00000007bc400000)
  object space 168960K, 56% used [0x0000000700000000,0x0000000705d5e620,0x000000070a500000)
 Metaspace       used 60038K, capacity 60441K, committed 60976K, reserved 1101824K
  class space    used 8924K, capacity 8999K, committed 9008K, reserved 1048576K
Event: 4026.940 GC heap after
Heap after GC invocations=105 (full 8):
 PSYoungGen      total 49152K, used 3814K [0x00000007bc400000, 0x00000007c0000000, 0x00000007c0000000)
  eden space 37376K, 0% used [0x00000007bc400000,0x00000007bc400000,0x00000007be880000)
  from space 11776K, 32% used [0x00000007be880000,0x00000007bec39b38,0x00000007bf400000)
  to   space 11264K, 0% used [0x00000007bf500000,0x00000007bf500000,0x00000007c0000000)
 ParOldGen       total 168960K, used 95617K [0x0000000700000000, 0x000000070a500000, 0x00000007bc400000)
  object space 168960K, 56% used [0x0000000700000000,0x0000000705d60620,0x000000070a500000)
 Metaspace       used 60038K, capacity 60441K, committed 60976K, reserved 1101824K
  class space    used 8924K, capacity 8999K, committed 9008K, reserved 1048576K
}
Event: 4041.021 GC heap before
{Heap before GC invocations=106 (full 8):
 PSYoungGen      total 49152K, used 41190K [0x00000007bc400000, 0x00000007c0000000, 0x00000007c0000000)
  eden space 37376K, 100% used [0x00000007bc400000,0x00000007be880000,0x00000007be880000)
  from space 11776K, 32% used [0x00000007be880000,0x00000007bec39b38,0x00000007bf400000)
  to   space 11264K, 0% used [0x00000007bf500000,0x00000007bf500000,0x00000007c0000000)
 ParOldGen       total 168960K, used 95617K [0x0000000700000000, 0x000000070a500000, 0x00000007bc400000)
  object space 168960K, 56% used [0x0000000700000000,0x0000000705d60620,0x000000070a500000)
 Metaspace       used 60421K, capacity 60767K, committed 61360K, reserved 1101824K
  class space    used 8972K, capacity 9064K, committed 9136K, reserved 1048576K
Event: 4041.027 GC heap after
Heap after GC invocations=106 (full 8):
 PSYoungGen      total 49152K, used 8479K [0x00000007bc400000, 0x00000007c0000000, 0x00000007c0000000)
  eden space 37888K, 0% used [0x00000007bc400000,0x00000007bc400000,0x00000007be900000)
  from space 11264K, 75% used [0x00000007bf500000,0x00000007bfd47f50,0x00000007c0000000)
  to   space 11776K, 0% used [0x00000007be900000,0x00000007be900000,0x00000007bf480000)
 ParOldGen       total 168960K, used 95617K [0x0000000700000000, 0x000000070a500000, 0x00000007bc400000)
  object space 168960K, 56% used [0x0000000700000000,0x0000000705d60620,0x000000070a500000)
 Metaspace       used 60421K, capacity 60767K, committed 61360K, reserved 1101824K
  class space    used 8972K, capacity 9064K, committed 9136K, reserved 1048576K
}
Event: 4295.858 GC heap before
{Heap before GC invocations=107 (full 8):
 PSYoungGen      total 49152K, used 46367K [0x00000007bc400000, 0x00000007c0000000, 0x00000007c0000000)
  eden space 37888K, 100% used [0x00000007bc400000,0x00000007be900000,0x00000007be900000)
  from space 11264K, 75% used [0x00000007bf500000,0x00000007bfd47f50,0x00000007c0000000)
  to   space 11776K, 0% used [0x00000007be900000,0x00000007be900000,0x00000007bf480000)
 ParOldGen       total 168960K, used 95617K [0x0000000700000000, 0x000000070a500000, 0x00000007bc400000)
  object space 168960K, 56% used [0x0000000700000000,0x0000000705d60620,0x000000070a500000)
 Metaspace       used 60544K, capacity 60959K, committed 61616K, reserved 1101824K
  class space    used 8975K, capacity 9064K, committed 9136K, reserved 1048576K
Event: 4295.867 GC heap after
Heap after GC invocations=107 (full 8):
 PSYoungGen      total 46080K, used 8628K [0x00000007bc400000, 0x00000007c0000000, 0x00000007c0000000)
  eden space 37376K, 0% used [0x00000007bc400000,0x00000007bc400000,0x00000007be880000)
  from space 8704K, 99% used [0x00000007be900000,0x00000007bf16d2d0,0x00000007bf180000)
  to   space 12800K, 0% used [0x00000007bf380000,0x00000007bf380000,0x00000007c0000000)
 ParOldGen       total 168960K, used 95625K [0x0000000700000000, 0x000000070a500000, 0x00000007bc400000)
  object space 168960K, 56% used [0x0000000700000000,0x0000000705d62620,0x000000070a500000)
 Metaspace       used 60544K, capacity 60959K, committed 61616K, reserved 1101824K
  class space    used 8975K, capacity 9064K, committed 9136K, reserved 1048576K
}
Event: 4488.854 GC heap before
{Heap before GC invocations=108 (full 8):
 PSYoungGen      total 46080K, used 46004K [0x00000007bc400000, 0x00000007c0000000, 0x00000007c0000000)
  eden space 37376K, 100% used [0x00000007bc400000,0x00000007be880000,0x00000007be880000)
  from space 8704K, 99% used [0x00000007be900000,0x00000007bf16d2d0,0x00000007bf180000)
  to   space 12800K, 0% used [0x00000007bf380000,0x00000007bf380000,0x00000007c0000000)
 ParOldGen       total 168960K, used 95625K [0x0000000700000000, 0x000000070a500000, 0x00000007bc400000)
  object space 168960K, 56% used [0x0000000700000000,0x0000000705d62620,0x000000070a500000)
 Metaspace       used 60697K, capacity 61087K, committed 61616K, reserved 1101824K
  class space    used 8985K, capacity 9064K, committed 9136K, reserved 1048576K
Event: 4488.861 GC heap after
Heap after GC invocations=108 (full 8):
 PSYoungGen      total 45568K, used 11967K [0x00000007bc400000, 0x00000007c0000000, 0x00000007c0000000)
  eden space 32768K, 0% used [0x00000007bc400000,0x00000007bc400000,0x00000007be400000)
  from space 12800K, 93% used [0x00000007bf380000,0x00000007bff2fe28,0x00000007c0000000)
  to   space 14336K, 0% used [0x00000007be400000,0x00000007be400000,0x00000007bf200000)
 ParOldGen       total 168960K, used 98680K [0x0000000700000000, 0x000000070a500000, 0x00000007bc400000)
  object space 168960K, 58% used [0x0000000700000000,0x000000070605e1b0,0x000000070a500000)
 Metaspace       used 60697K, capacity 61087K, committed 61616K, reserved 1101824K
  class space    used 8985K, capacity 9064K, committed 9136K, reserved 1048576K
}

